-------------------------------------------------------------------------------
Test set: com.example.demo.DemoApplicationTests
-------------------------------------------------------------------------------
Tests run: 1, Failures: 0, Errors: 1, Skipped: 0, Time elapsed: 5.504 s <<< FAILURE! - in com.example.demo.DemoApplicationTests
contextLoads  Time elapsed: 0.002 s  <<< ERROR!
java.lang.IllegalStateException: Failed to load ApplicationContext
Caused by: org.springframework.beans.factory.UnsatisfiedDependencyException: Error creating bean with name 'studentController' defined in file [C:\Users\User\Desktop\Upskill\demo\demo\target\classes\com\example\demo\student\StudentController.class]: Unsatisfied dependency expressed through constructor parameter 0; nested exception is org.springframework.beans.factory.UnsatisfiedDependencyException: Error creating bean with name 'studentService' defined in file [C:\Users\User\Desktop\Upskill\demo\demo\target\classes\com\example\demo\student\StudentService.class]: Unsatisfied dependency expressed through constructor parameter 0; nested exception is org.springframework.beans.factory.BeanCreationException: Error creating bean with name 'studentRepository' defined in com.example.demo.student.StudentRepository defined in @EnableJpaRepositories declared on JpaRepositoriesRegistrar.EnableJpaRepositoriesConfiguration: Invocation of init method failed; nested exception is org.springframework.data.repository.query.QueryCreationException: Could not create query for public abstract java.util.Optional com.example.demo.student.StudentRepository.findStudentByEmail(java.lang.String)! Reason: Validation failed for query for method public abstract java.util.Optional com.example.demo.student.StudentRepository.findStudentByEmail(java.lang.String)!; nested exception is java.lang.IllegalArgumentException: Validation failed for query for method public abstract java.util.Optional com.example.demo.student.StudentRepository.findStudentByEmail(java.lang.String)!
Caused by: org.springframework.beans.factory.UnsatisfiedDependencyException: Error creating bean with name 'studentService' defined in file [C:\Users\User\Desktop\Upskill\demo\demo\target\classes\com\example\demo\student\StudentService.class]: Unsatisfied dependency expressed through constructor parameter 0; nested exception is org.springframework.beans.factory.BeanCreationException: Error creating bean with name 'studentRepository' defined in com.example.demo.student.StudentRepository defined in @EnableJpaRepositories declared on JpaRepositoriesRegistrar.EnableJpaRepositoriesConfiguration: Invocation of init method failed; nested exception is org.springframework.data.repository.query.QueryCreationException: Could not create query for public abstract java.util.Optional com.example.demo.student.StudentRepository.findStudentByEmail(java.lang.String)! Reason: Validation failed for query for method public abstract java.util.Optional com.example.demo.student.StudentRepository.findStudentByEmail(java.lang.String)!; nested exception is java.lang.IllegalArgumentException: Validation failed for query for method public abstract java.util.Optional com.example.demo.student.StudentRepository.findStudentByEmail(java.lang.String)!
Caused by: org.springframework.beans.factory.BeanCreationException: Error creating bean with name 'studentRepository' defined in com.example.demo.student.StudentRepository defined in @EnableJpaRepositories declared on JpaRepositoriesRegistrar.EnableJpaRepositoriesConfiguration: Invocation of init method failed; nested exception is org.springframework.data.repository.query.QueryCreationException: Could not create query for public abstract java.util.Optional com.example.demo.student.StudentRepository.findStudentByEmail(java.lang.String)! Reason: Validation failed for query for method public abstract java.util.Optional com.example.demo.student.StudentRepository.findStudentByEmail(java.lang.String)!; nested exception is java.lang.IllegalArgumentException: Validation failed for query for method public abstract java.util.Optional com.example.demo.student.StudentRepository.findStudentByEmail(java.lang.String)!
Caused by: org.springframework.data.repository.query.QueryCreationException: Could not create query for public abstract java.util.Optional com.example.demo.student.StudentRepository.findStudentByEmail(java.lang.String)! Reason: Validation failed for query for method public abstract java.util.Optional com.example.demo.student.StudentRepository.findStudentByEmail(java.lang.String)!; nested exception is java.lang.IllegalArgumentException: Validation failed for query for method public abstract java.util.Optional com.example.demo.student.StudentRepository.findStudentByEmail(java.lang.String)!
Caused by: java.lang.IllegalArgumentException: Validation failed for query for method public abstract java.util.Optional com.example.demo.student.StudentRepository.findStudentByEmail(java.lang.String)!
Caused by: java.lang.IllegalArgumentException: org.hibernate.hql.internal.ast.QuerySyntaxException: student is not mapped [SELECT s FROM student s WHERE s.email = ?1]
Caused by: org.hibernate.hql.internal.ast.QuerySyntaxException: student is not mapped [SELECT s FROM student s WHERE s.email = ?1]
Caused by: org.hibernate.hql.internal.ast.QuerySyntaxException: student is not mapped

